SF:lib\core\error_handling\exception.dart
DA:10,0
DA:14,0
DA:15,0
DA:16,0
DA:18,0
DA:29,2
DA:35,2
DA:38,4
DA:39,7
DA:41,6
DA:42,7
DA:43,2
DA:45,3
DA:46,2
DA:47,3
DA:55,0
DA:57,0
DA:58,0
LF:18
LH:10
end_of_record
SF:lib\data\data_sources\auth_remote_data_source.dart
DA:14,1
DA:15,1
DA:18,1
DA:19,1
DA:20,1
DA:24,0
DA:25,0
DA:26,0
DA:27,0
DA:28,0
DA:29,0
LF:11
LH:5
end_of_record
SF:lib\data\models\login_response_model.dart
DA:4,3
DA:10,0
DA:11,0
DA:12,0
DA:13,0
DA:14,0
DA:17,1
DA:18,1
DA:19,1
DA:20,1
DA:21,1
LF:11
LH:6
end_of_record
SF:lib\data\repositories\auth_repository_impl.dart
DA:10,1
DA:12,1
DA:16,2
DA:17,1
DA:18,1
DA:19,1
LF:6
LH:6
end_of_record
SF:lib\core\error_handling\failure.dart
DA:6,0
DA:7,0
LF:2
LH:0
end_of_record
SF:lib\domain\entities\login_response_entity.dart
DA:8,4
DA:14,1
DA:15,4
LF:3
LH:3
end_of_record
SF:lib\core\error_handling\error.dart
DA:9,0
DA:13,0
DA:16,0
DA:17,0
DA:18,0
DA:20,0
LF:6
LH:0
end_of_record
SF:lib\core\utils\uid_generator.dart
DA:5,1
DA:6,2
DA:9,0
DA:11,1
LF:4
LH:3
end_of_record
SF:lib\domain\use_cases\clear_room_use_case.dart
DA:8,1
DA:10,1
DA:11,2
LF:3
LH:3
end_of_record
SF:lib\domain\use_cases\get_data_from_local_use_case.dart
DA:8,0
DA:10,0
DA:13,0
LF:3
LH:0
end_of_record
SF:lib\domain\use_cases\is_user_host_use_case.dart
DA:8,0
DA:10,0
DA:11,0
LF:3
LH:0
end_of_record
SF:lib\domain\use_cases\save_data_to_local_use_case.dart
DA:6,0
DA:8,0
DA:9,0
LF:3
LH:0
end_of_record
SF:lib\domain\use_cases\set_room_host_use_case.dart
DA:8,0
DA:10,0
DA:11,0
LF:3
LH:0
end_of_record
SF:lib\presentation\cubits\call_cubit\call_state.dart
DA:4,2
DA:6,1
DA:7,1
DA:23,2
DA:25,1
DA:26,2
LF:6
LH:6
end_of_record
SF:lib\presentation\cubits\call_cubit\call_cubit.dart
DA:20,1
DA:22,2
DA:24,1
DA:25,2
DA:28,1
DA:29,2
DA:32,1
DA:33,2
DA:36,1
DA:37,2
DA:40,1
DA:41,2
DA:42,2
DA:45,1
DA:46,2
DA:47,2
DA:48,2
DA:49,1
DA:50,1
DA:51,2
DA:53,2
DA:58,1
DA:59,2
DA:62,2
DA:64,1
DA:70,1
DA:72,1
DA:74,2
DA:76,2
DA:77,2
DA:79,1
DA:82,1
DA:83,2
LF:33
LH:33
end_of_record
SF:lib\core\use_case\login_params.dart
DA:5,1
LF:1
LH:1
end_of_record
SF:lib\domain\use_cases\sign_up_use_case.dart
DA:12,1
DA:14,1
DA:16,4
LF:3
LH:3
end_of_record
